2026-06-27 13:02:28.580 [main] INFO  generation-server - Starting maze generation server on port 5400
2026-06-27 13:02:28.733 [main] INFO  generation-server - Client requests maze generation: rows=5, columns=5
2026-06-27 13:02:28.742 [pool-3-thread-1] INFO  generation-server - Maze generation request started.
2026-06-27 13:02:28.758 [pool-3-thread-1] INFO  generation-server - Maze generation request completed in 16 ms.
2026-06-27 13:02:28.766 [main] INFO  generation-server - Maze generation completed: rows=5, columns=5, start={0,3}, goal={4,1}
2026-06-27 13:02:28.882 [main] INFO  generation-server - Stopping maze generation server on port 5400
2026-06-27 13:08:31.689 [main] INFO  generation-server - Starting maze generation server on port 5400
2026-06-27 13:08:31.866 [main] INFO  generation-server - Client requests maze generation: rows=5, columns=5
2026-06-27 13:08:31.876 [pool-3-thread-1] INFO  generation-server - Maze generation request started.
2026-06-27 13:08:31.895 [pool-3-thread-1] INFO  generation-server - Maze generation request completed in 19 ms.
2026-06-27 13:08:31.901 [main] INFO  generation-server - Maze generation completed: rows=5, columns=5, start={0,4}, goal={4,1}
2026-06-27 13:08:32.033 [main] INFO  generation-server - Stopping maze generation server on port 5400
2026-06-27 13:29:27.891 [JavaFX Application Thread] INFO  generation-server - Starting maze generation server on port 5400
2026-06-27 13:29:39.034 [JavaFX Application Thread] INFO  generation-server - Client requests maze generation: rows=20, columns=20
2026-06-27 13:29:39.043 [pool-3-thread-1] INFO  generation-server - Maze generation request started.
2026-06-27 13:29:39.049 [pool-3-thread-1] INFO  generation-server - Maze generation request completed in 6 ms.
2026-06-27 13:29:39.056 [JavaFX Application Thread] INFO  generation-server - Maze generation completed: rows=20, columns=20, start={0,1}, goal={19,13}
2026-06-27 13:30:26.284 [JavaFX Application Thread] INFO  generation-server - Stopping maze generation server on port 5400
2026-06-27 13:39:54.403 [main] INFO  generation-server - Starting maze generation server on port 5400
2026-06-27 13:39:54.582 [main] INFO  generation-server - Client requests maze generation: rows=5, columns=5
2026-06-27 13:39:54.592 [pool-3-thread-1] INFO  generation-server - Maze generation request started.
2026-06-27 13:39:54.612 [pool-3-thread-1] INFO  generation-server - Maze generation request completed in 20 ms.
2026-06-27 13:39:54.618 [main] INFO  generation-server - Maze generation completed: rows=5, columns=5, start={0,0}, goal={4,1}
2026-06-27 13:39:54.747 [main] INFO  generation-server - Stopping maze generation server on port 5400
2026-06-27 13:41:29.644 [main] INFO  generation-server - Starting maze generation server on port 5400
2026-06-27 13:41:29.856 [main] INFO  generation-server - Client requests maze generation: rows=5, columns=5
2026-06-27 13:41:29.867 [pool-3-thread-1] INFO  generation-server - Maze generation request started.
2026-06-27 13:41:29.885 [pool-3-thread-1] INFO  generation-server - Maze generation request completed in 19 ms.
2026-06-27 13:41:29.893 [main] INFO  generation-server - Maze generation completed: rows=5, columns=5, start={0,2}, goal={4,2}
2026-06-27 13:41:30.057 [main] INFO  generation-server - Stopping maze generation server on port 5400
2026-06-27 13:42:57.842 [main] INFO  generation-server - Starting maze generation server on port 5400
2026-06-27 13:42:58.024 [main] INFO  generation-server - Client requests maze generation: rows=5, columns=5
2026-06-27 13:42:58.035 [pool-3-thread-1] INFO  generation-server - Maze generation request started.
2026-06-27 13:42:58.053 [pool-3-thread-1] INFO  generation-server - Maze generation request completed in 18 ms.
2026-06-27 13:42:58.058 [main] INFO  generation-server - Maze generation completed: rows=5, columns=5, start={0,2}, goal={4,3}
2026-06-27 13:42:58.187 [main] INFO  generation-server - Stopping maze generation server on port 5400
2026-06-27 13:44:48.806 [JavaFX Application Thread] INFO  generation-server - Starting maze generation server on port 5400
2026-06-27 13:45:25.078 [JavaFX Application Thread] INFO  generation-server - Client requests maze generation: rows=10, columns=20
2026-06-27 13:45:25.089 [pool-3-thread-1] INFO  generation-server - Maze generation request started.
2026-06-27 13:45:25.095 [pool-3-thread-1] INFO  generation-server - Maze generation request completed in 6 ms.
2026-06-27 13:45:25.099 [JavaFX Application Thread] INFO  generation-server - Maze generation completed: rows=10, columns=20, start={0,1}, goal={9,14}
2026-06-27 13:47:18.167 [JavaFX Application Thread] INFO  generation-server - Stopping maze generation server on port 5400
2026-06-27 13:50:10.459 [JavaFX Application Thread] INFO  generation-server - Starting maze generation server on port 5400
2026-06-27 13:50:20.830 [JavaFX Application Thread] INFO  generation-server - Stopping maze generation server on port 5400
2026-06-27 14:28:51.860 [JavaFX Application Thread] INFO  generation-server - Starting maze generation server on port 5400
2026-06-27 14:29:03.112 [JavaFX Application Thread] INFO  generation-server - Client requests maze generation: rows=10, columns=20
2026-06-27 14:29:03.122 [pool-3-thread-1] INFO  generation-server - Maze generation request started.
2026-06-27 14:29:03.129 [pool-3-thread-1] INFO  generation-server - Maze generation request completed in 6 ms.
2026-06-27 14:29:03.134 [JavaFX Application Thread] INFO  generation-server - Maze generation completed: rows=10, columns=20, start={0,18}, goal={9,5}
2026-06-27 14:29:20.647 [JavaFX Application Thread] INFO  generation-server - Stopping maze generation server on port 5400
2026-06-27 14:39:47.539 [main] INFO  generation-server - Starting maze generation server on port 5400
2026-06-27 14:39:47.712 [main] INFO  generation-server - Client requests maze generation: rows=5, columns=5
2026-06-27 14:39:47.720 [pool-3-thread-1] INFO  generation-server - Maze generation request started.
2026-06-27 14:39:47.737 [pool-3-thread-1] INFO  generation-server - Maze generation request completed in 17 ms.
2026-06-27 14:39:47.743 [main] INFO  generation-server - Maze generation completed: rows=5, columns=5, start={0,4}, goal={4,4}
2026-06-27 14:39:47.850 [main] INFO  generation-server - Stopping maze generation server on port 5400
2026-06-27 14:41:50.261 [main] INFO  generation-server - Starting maze generation server on port 5400
2026-06-27 14:41:50.468 [main] INFO  generation-server - Client requests maze generation: rows=5, columns=5
2026-06-27 14:41:50.480 [pool-3-thread-1] INFO  generation-server - Maze generation request started.
2026-06-27 14:41:50.499 [pool-3-thread-1] INFO  generation-server - Maze generation request completed in 20 ms.
2026-06-27 14:41:50.505 [main] INFO  generation-server - Maze generation completed: rows=5, columns=5, start={0,0}, goal={4,4}
2026-06-27 14:41:50.657 [main] INFO  generation-server - Stopping maze generation server on port 5400
2026-06-27 14:43:14.638 [JavaFX Application Thread] INFO  generation-server - Starting maze generation server on port 5400
2026-06-27 14:43:35.424 [JavaFX Application Thread] INFO  generation-server - Client requests maze generation: rows=20, columns=20
2026-06-27 14:43:35.435 [pool-3-thread-1] INFO  generation-server - Maze generation request started.
2026-06-27 14:43:35.442 [pool-3-thread-1] INFO  generation-server - Maze generation request completed in 8 ms.
2026-06-27 14:43:35.447 [JavaFX Application Thread] INFO  generation-server - Maze generation completed: rows=20, columns=20, start={0,2}, goal={19,6}
2026-06-27 14:47:08.956 [JavaFX Application Thread] INFO  generation-server - Stopping maze generation server on port 5400
2026-06-27 14:49:43.015 [main] INFO  generation-server - Starting maze generation server on port 5400
2026-06-27 14:49:43.198 [main] INFO  generation-server - Client requests maze generation: rows=5, columns=5
2026-06-27 14:49:43.207 [pool-3-thread-1] INFO  generation-server - Maze generation request started.
2026-06-27 14:49:43.225 [pool-3-thread-1] INFO  generation-server - Maze generation request completed in 18 ms.
2026-06-27 14:49:43.230 [main] INFO  generation-server - Maze generation completed: rows=5, columns=5, start={0,2}, goal={4,4}
2026-06-27 14:49:43.334 [main] INFO  generation-server - Stopping maze generation server on port 5400
2026-06-27 14:53:21.509 [main] INFO  generation-server - Starting maze generation server on port 5400
2026-06-27 14:53:21.678 [main] INFO  generation-server - Client requests maze generation: rows=5, columns=5
2026-06-27 14:53:21.689 [pool-3-thread-1] INFO  generation-server - Maze generation request started.
2026-06-27 14:53:21.707 [pool-3-thread-1] INFO  generation-server - Maze generation request completed in 18 ms.
2026-06-27 14:53:21.712 [main] INFO  generation-server - Maze generation completed: rows=5, columns=5, start={0,2}, goal={4,2}
2026-06-27 14:53:21.833 [main] INFO  generation-server - Stopping maze generation server on port 5400
2026-06-27 15:03:59.463 [JavaFX Application Thread] INFO  generation-server - Starting maze generation server on port 5400
2026-06-27 15:05:34.837 [JavaFX Application Thread] INFO  generation-server - Stopping maze generation server on port 5400
2026-06-27 15:11:29.139 [JavaFX Application Thread] INFO  generation-server - Starting maze generation server on port 5400
2026-06-27 15:11:34.258 [JavaFX Application Thread] INFO  generation-server - Client requests maze generation: rows=20, columns=20
2026-06-27 15:11:34.264 [pool-3-thread-1] INFO  generation-server - Maze generation request started.
2026-06-27 15:11:34.269 [pool-3-thread-1] INFO  generation-server - Maze generation request completed in 5 ms.
2026-06-27 15:11:34.273 [JavaFX Application Thread] INFO  generation-server - Maze generation completed: rows=20, columns=20, start={0,2}, goal={19,17}
2026-06-27 15:11:38.959 [JavaFX Application Thread] INFO  generation-server - Stopping maze generation server on port 5400
2026-06-27 15:46:19.485 [main] INFO  generation-server - Starting maze generation server on port 5400
2026-06-27 15:46:19.545 [main] INFO  generation-server - Client requests maze generation: rows=5, columns=5
2026-06-27 15:46:19.578 [pool-3-thread-1] INFO  generation-server - Maze generation request started.
2026-06-27 15:46:19.593 [pool-3-thread-1] INFO  generation-server - Maze generation request completed in 15 ms.
2026-06-27 15:46:19.598 [main] INFO  generation-server - Maze generation completed: rows=5, columns=5, start={0,4}, goal={4,4}
2026-06-27 15:46:19.668 [main] INFO  generation-server - Stopping maze generation server on port 5400
2026-06-27 15:47:43.088 [JavaFX Application Thread] INFO  generation-server - Starting maze generation server on port 5400
2026-06-27 15:48:05.005 [JavaFX Application Thread] INFO  generation-server - Client requests maze generation: rows=20, columns=20
2026-06-27 15:48:05.012 [pool-3-thread-1] INFO  generation-server - Maze generation request started.
2026-06-27 15:48:05.018 [pool-3-thread-1] INFO  generation-server - Maze generation request completed in 6 ms.
2026-06-27 15:48:05.022 [JavaFX Application Thread] INFO  generation-server - Maze generation completed: rows=20, columns=20, start={0,18}, goal={19,1}
2026-06-27 15:49:01.027 [JavaFX Application Thread] INFO  generation-server - Client requests maze generation: rows=100, columns=100
2026-06-27 15:49:01.031 [pool-3-thread-2] INFO  generation-server - Maze generation request started.
2026-06-27 15:49:01.039 [pool-3-thread-2] INFO  generation-server - Maze generation request completed in 8 ms.
2026-06-27 15:49:01.040 [JavaFX Application Thread] INFO  generation-server - Maze generation completed: rows=100, columns=100, start={0,85}, goal={99,45}
2026-06-27 15:57:02.121 [JavaFX Application Thread] INFO  generation-server - Stopping maze generation server on port 5400
2026-06-27 16:01:45.948 [JavaFX Application Thread] INFO  generation-server - Starting maze generation server on port 5400
2026-06-27 16:09:49.262 [main] INFO  generation-server - Starting maze generation server on port 5400
2026-06-27 16:09:49.338 [main] INFO  generation-server - Client requests maze generation: rows=5, columns=5
2026-06-27 16:09:49.354 [pool-3-thread-1] INFO  generation-server - Maze generation request started.
2026-06-27 16:09:49.367 [pool-3-thread-1] INFO  generation-server - Maze generation request completed in 14 ms.
2026-06-27 16:09:49.372 [main] INFO  generation-server - Maze generation completed: rows=5, columns=5, start={0,3}, goal={4,4}
2026-06-27 16:09:49.450 [main] INFO  generation-server - Stopping maze generation server on port 5400
2026-06-27 16:12:22.153 [JavaFX Application Thread] INFO  generation-server - Starting maze generation server on port 5400
2026-06-27 16:12:55.966 [JavaFX Application Thread] INFO  generation-server - Stopping maze generation server on port 5400
2026-06-27 16:17:22.346 [main] INFO  generation-server - Starting maze generation server on port 5400
2026-06-27 16:17:22.407 [main] INFO  generation-server - Client requests maze generation: rows=5, columns=5
2026-06-27 16:17:22.419 [pool-3-thread-1] INFO  generation-server - Maze generation request started.
2026-06-27 16:17:22.430 [pool-3-thread-1] INFO  generation-server - Maze generation request completed in 11 ms.
2026-06-27 16:17:22.436 [main] INFO  generation-server - Maze generation completed: rows=5, columns=5, start={0,3}, goal={4,0}
2026-06-27 16:17:22.521 [main] INFO  generation-server - Stopping maze generation server on port 5400
2026-06-27 16:23:14.282 [JavaFX Application Thread] INFO  generation-server - Starting maze generation server on port 5400
2026-06-27 16:23:54.447 [JavaFX Application Thread] INFO  generation-server - Stopping maze generation server on port 5400
2026-06-27 16:28:18.414 [main] INFO  generation-server - Starting maze generation server on port 5400
2026-06-27 16:28:18.530 [main] INFO  generation-server - Client requests maze generation: rows=5, columns=5
2026-06-27 16:28:18.553 [pool-3-thread-1] INFO  generation-server - Maze generation request started.
2026-06-27 16:28:18.567 [pool-3-thread-1] INFO  generation-server - Maze generation request completed in 14 ms.
2026-06-27 16:28:18.572 [main] INFO  generation-server - Maze generation completed: rows=5, columns=5, start={0,4}, goal={4,0}
2026-06-27 16:28:18.655 [main] INFO  generation-server - Stopping maze generation server on port 5400
2026-06-27 16:29:18.732 [main] INFO  generation-server - Starting maze generation server on port 5400
2026-06-27 16:29:18.883 [main] INFO  generation-server - Client requests maze generation: rows=5, columns=5
2026-06-27 16:29:18.911 [pool-3-thread-1] INFO  generation-server - Maze generation request started.
2026-06-27 16:29:18.942 [pool-3-thread-1] INFO  generation-server - Maze generation request completed in 31 ms.
2026-06-27 16:29:18.950 [main] INFO  generation-server - Maze generation completed: rows=5, columns=5, start={0,4}, goal={4,0}
2026-06-27 16:29:19.053 [main] INFO  generation-server - Stopping maze generation server on port 5400
2026-06-27 16:30:54.918 [JavaFX Application Thread] INFO  generation-server - Starting maze generation server on port 5400
2026-06-27 16:31:16.106 [JavaFX Application Thread] INFO  generation-server - Stopping maze generation server on port 5400
